{"level":"info","message":"Identity server running on port 3001","service":"identity-service","timestamp":"2025-06-19T02:15:08.679Z"}
{"level":"info","message":"Connected to mongodb","service":"identity-service","timestamp":"2025-06-19T02:15:09.250Z"}
{"level":"info","message":"Received GET request to /","service":"identity-service","timestamp":"2025-06-19T02:21:59.375Z"}
{"level":"info","message":"Request body, undefined","service":"identity-service","timestamp":"2025-06-19T02:21:59.377Z"}
{"level":"info","message":"Received POST request to //api/auth/register","service":"identity-service","timestamp":"2025-06-19T02:23:19.820Z"}
{"level":"info","message":"Request body, [object Object]","service":"identity-service","timestamp":"2025-06-19T02:23:19.821Z"}
{"level":"info","message":"Received POST request to /api/auth/register","service":"identity-service","timestamp":"2025-06-19T02:23:27.608Z"}
{"level":"info","message":"Request body, [object Object]","service":"identity-service","timestamp":"2025-06-19T02:23:27.608Z"}
{"level":"info","message":"Registration endpoint hit...","service":"identity-service","timestamp":"2025-06-19T02:23:27.612Z"}
{"buffer":{"data":[104,83,116,159,26,64,147,127,227,233,0,69],"type":"Buffer"},"level":"warn","message":"User saved successfully","service":"identity-service","timestamp":"2025-06-19T02:23:27.799Z"}
{"level":"info","message":"Received POST request to /api/auth/register","service":"identity-service","timestamp":"2025-06-19T02:24:05.951Z"}
{"level":"info","message":"Request body, [object Object]","service":"identity-service","timestamp":"2025-06-19T02:24:05.951Z"}
{"level":"info","message":"Registration endpoint hit...","service":"identity-service","timestamp":"2025-06-19T02:24:05.953Z"}
{"level":"warn","message":"User already exists","service":"identity-service","timestamp":"2025-06-19T02:24:05.974Z"}
{"level":"info","message":"Received POST request to /api/auth/register","service":"identity-service","timestamp":"2025-06-19T02:24:59.505Z"}
{"level":"info","message":"Request body, [object Object]","service":"identity-service","timestamp":"2025-06-19T02:24:59.505Z"}
{"level":"info","message":"Registration endpoint hit...","service":"identity-service","timestamp":"2025-06-19T02:24:59.507Z"}
{"level":"warn","message":"User already exists","service":"identity-service","timestamp":"2025-06-19T02:24:59.521Z"}
{"level":"info","message":"Received POST request to /api/auth/register","service":"identity-service","timestamp":"2025-06-19T02:25:02.377Z"}
{"level":"info","message":"Request body, [object Object]","service":"identity-service","timestamp":"2025-06-19T02:25:02.378Z"}
{"level":"info","message":"Registration endpoint hit...","service":"identity-service","timestamp":"2025-06-19T02:25:02.379Z"}
{"0":"\"","1":"p","10":" ","11":"l","12":"e","13":"n","14":"g","15":"t","16":"h","17":" ","18":"m","19":"u","2":"a","20":"s","21":"t","22":" ","23":"b","24":"e","25":" ","26":"a","27":"t","28":" ","29":"l","3":"s","30":"e","31":"a","32":"s","33":"t","34":" ","35":"6","36":" ","37":"c","38":"h","39":"a","4":"s","40":"r","41":"a","42":"c","43":"t","44":"e","45":"r","46":"s","47":" ","48":"l","49":"o","5":"w","50":"n","51":"g","6":"o","7":"r","8":"d","9":"\"","level":"warn","message":"Validation error","service":"identity-service","timestamp":"2025-06-19T02:25:02.382Z"}
{"level":"info","message":"Received POST request to /api/auth/register","service":"identity-service","timestamp":"2025-06-19T02:25:25.326Z"}
{"level":"info","message":"Request body, [object Object]","service":"identity-service","timestamp":"2025-06-19T02:25:25.327Z"}
{"level":"info","message":"Registration endpoint hit...","service":"identity-service","timestamp":"2025-06-19T02:25:25.329Z"}
{"0":"\"","1":"u","10":" ","11":"l","12":"e","13":"n","14":"g","15":"t","16":"h","17":" ","18":"m","19":"u","2":"s","20":"s","21":"t","22":" ","23":"b","24":"e","25":" ","26":"a","27":"t","28":" ","29":"l","3":"e","30":"e","31":"a","32":"s","33":"t","34":" ","35":"3","36":" ","37":"c","38":"h","39":"a","4":"r","40":"r","41":"a","42":"c","43":"t","44":"e","45":"r","46":"s","47":" ","48":"l","49":"o","5":"n","50":"n","51":"g","6":"a","7":"m","8":"e","9":"\"","level":"warn","message":"Validation error","service":"identity-service","timestamp":"2025-06-19T02:25:25.330Z"}
{"level":"info","message":"Received POST request to /api/auth/register","service":"identity-service","timestamp":"2025-06-19T02:25:48.836Z"}
{"level":"info","message":"Request body, [object Object]","service":"identity-service","timestamp":"2025-06-19T02:25:48.836Z"}
{"level":"info","message":"Registration endpoint hit...","service":"identity-service","timestamp":"2025-06-19T02:25:48.837Z"}
{"0":"\"","1":"e","10":"s","11":"t","12":" ","13":"b","14":"e","15":" ","16":"a","17":" ","18":"v","19":"a","2":"m","20":"l","21":"i","22":"d","23":" ","24":"e","25":"m","26":"a","27":"i","28":"l","3":"a","4":"i","5":"l","6":"\"","7":" ","8":"m","9":"u","level":"warn","message":"Validation error","service":"identity-service","timestamp":"2025-06-19T02:25:48.838Z"}
{"level":"info","message":"Identity server running on port 3001","service":"identity-service","timestamp":"2025-06-19T19:14:32.316Z"}
{"level":"info","message":"Connected to mongodb","service":"identity-service","timestamp":"2025-06-19T19:14:32.769Z"}
{"level":"info","message":"Received POST request to /api/auth/register","service":"identity-service","timestamp":"2025-06-19T19:14:44.503Z"}
{"level":"info","message":"Request body, [object Object]","service":"identity-service","timestamp":"2025-06-19T19:14:44.504Z"}
{"level":"info","message":"Registration endpoint hit...","service":"identity-service","timestamp":"2025-06-19T19:14:44.509Z"}
{"buffer":{"data":[104,84,97,164,254,190,109,90,187,224,108,113],"type":"Buffer"},"level":"warn","message":"User saved successfully","service":"identity-service","timestamp":"2025-06-19T19:14:44.692Z"}
{"level":"info","message":"Received POST request to /api/auth/register","service":"identity-service","timestamp":"2025-06-19T19:16:06.869Z"}
{"level":"info","message":"Request body, [object Object]","service":"identity-service","timestamp":"2025-06-19T19:16:06.873Z"}
{"level":"info","message":"Registration endpoint hit...","service":"identity-service","timestamp":"2025-06-19T19:16:06.876Z"}
{"level":"warn","message":"User already exists","service":"identity-service","timestamp":"2025-06-19T19:16:06.896Z"}
{"level":"info","message":"Identity server running on port 3001","service":"identity-service","timestamp":"2025-06-19T19:51:31.271Z"}
{"level":"info","message":"Connected to mongodb","service":"identity-service","timestamp":"2025-06-19T19:51:31.684Z"}
{"level":"info","message":"Identity server running on port 3001","service":"identity-service","timestamp":"2025-06-19T19:52:21.386Z"}
{"level":"info","message":"Connected to mongodb","service":"identity-service","timestamp":"2025-06-19T19:52:21.703Z"}
{"level":"info","message":"Identity server running on port 3001","service":"identity-service","timestamp":"2025-06-19T19:53:18.350Z"}
{"level":"info","message":"Connected to mongodb","service":"identity-service","timestamp":"2025-06-19T19:53:18.776Z"}
{"level":"info","message":"Identity server running on port 3001","service":"identity-service","timestamp":"2025-06-19T19:57:04.911Z"}
{"level":"info","message":"Connected to mongodb","service":"identity-service","timestamp":"2025-06-19T19:57:05.334Z"}
{"level":"info","message":"Identity server running on port 3001","service":"identity-service","timestamp":"2025-06-19T19:57:36.961Z"}
{"level":"info","message":"Connected to mongodb","service":"identity-service","timestamp":"2025-06-19T19:57:37.230Z"}
{"level":"info","message":"Identity server running on port 3001","service":"identity-service","timestamp":"2025-06-19T19:58:11.756Z"}
{"level":"info","message":"Connected to mongodb","service":"identity-service","timestamp":"2025-06-19T19:58:12.302Z"}
{"level":"info","message":"Received POST request to /api/auth/login","service":"identity-service","timestamp":"2025-06-19T20:06:19.857Z"}
{"level":"info","message":"Request body, [object Object]","service":"identity-service","timestamp":"2025-06-19T20:06:19.858Z"}
{"level":"info","message":"Login endpoint hit...","service":"identity-service","timestamp":"2025-06-19T20:06:19.861Z"}
{"level":"info","message":"Identity server running on port 3001","service":"identity-service","timestamp":"2025-06-19T20:09:16.920Z"}
{"level":"info","message":"Connected to mongodb","service":"identity-service","timestamp":"2025-06-19T20:09:17.464Z"}
{"level":"info","message":"Identity server running on port 3001","service":"identity-service","timestamp":"2025-06-19T20:10:01.679Z"}
{"level":"info","message":"Connected to mongodb","service":"identity-service","timestamp":"2025-06-19T20:10:01.943Z"}
{"level":"info","message":"Identity server running on port 3001","service":"identity-service","timestamp":"2025-06-19T20:11:15.576Z"}
{"level":"info","message":"Connected to mongodb","service":"identity-service","timestamp":"2025-06-19T20:11:16.106Z"}
{"level":"info","message":"Identity server running on port 3001","service":"identity-service","timestamp":"2025-06-19T20:12:07.727Z"}
{"level":"info","message":"Connected to mongodb","service":"identity-service","timestamp":"2025-06-19T20:12:08.070Z"}
{"level":"info","message":"Identity server running on port 3001","service":"identity-service","timestamp":"2025-06-19T20:12:25.372Z"}
{"level":"info","message":"Connected to mongodb","service":"identity-service","timestamp":"2025-06-19T20:12:25.707Z"}
{"level":"info","message":"Identity server running on port 3001","service":"identity-service","timestamp":"2025-06-19T20:13:47.304Z"}
{"level":"info","message":"Connected to mongodb","service":"identity-service","timestamp":"2025-06-19T20:13:47.921Z"}
{"level":"info","message":"Identity server running on port 3001","service":"identity-service","timestamp":"2025-06-19T20:15:15.642Z"}
{"level":"info","message":"Connected to mongodb","service":"identity-service","timestamp":"2025-06-19T20:15:16.086Z"}
{"level":"info","message":"Identity server running on port 3001","service":"identity-service","timestamp":"2025-06-19T20:15:46.739Z"}
{"level":"info","message":"Connected to mongodb","service":"identity-service","timestamp":"2025-06-19T20:15:47.034Z"}
{"level":"info","message":"Identity server running on port 3001","service":"identity-service","timestamp":"2025-06-19T20:17:03.555Z"}
{"level":"info","message":"Connected to mongodb","service":"identity-service","timestamp":"2025-06-19T20:17:04.009Z"}
{"level":"info","message":"Identity server running on port 3001","service":"identity-service","timestamp":"2025-06-19T20:17:18.732Z"}
{"level":"info","message":"Connected to mongodb","service":"identity-service","timestamp":"2025-06-19T20:17:19.020Z"}
{"level":"info","message":"Identity server running on port 3001","service":"identity-service","timestamp":"2025-06-19T20:18:17.284Z"}
{"level":"info","message":"Connected to mongodb","service":"identity-service","timestamp":"2025-06-19T20:18:17.830Z"}
{"level":"info","message":"Identity server running on port 3001","service":"identity-service","timestamp":"2025-06-19T20:18:31.130Z"}
{"level":"info","message":"Connected to mongodb","service":"identity-service","timestamp":"2025-06-19T20:18:31.623Z"}
{"level":"info","message":"Identity server running on port 3001","service":"identity-service","timestamp":"2025-06-19T20:20:31.920Z"}
{"level":"info","message":"Connected to mongodb","service":"identity-service","timestamp":"2025-06-19T20:20:32.460Z"}
{"level":"info","message":"Identity server running on port 3001","service":"identity-service","timestamp":"2025-06-19T20:20:48.227Z"}
{"level":"info","message":"Connected to mongodb","service":"identity-service","timestamp":"2025-06-19T20:20:48.568Z"}
{"level":"info","message":"Identity server running on port 3001","service":"identity-service","timestamp":"2025-06-19T20:21:21.050Z"}
{"level":"info","message":"Connected to mongodb","service":"identity-service","timestamp":"2025-06-19T20:21:21.336Z"}
{"level":"info","message":"Identity server running on port 3001","service":"identity-service","timestamp":"2025-06-19T20:21:38.126Z"}
{"level":"info","message":"Connected to mongodb","service":"identity-service","timestamp":"2025-06-19T20:21:38.436Z"}
{"level":"info","message":"Received POST request to /api/auth/register","service":"identity-service","timestamp":"2025-06-19T20:22:04.467Z"}
{"level":"info","message":"Request body, [object Object]","service":"identity-service","timestamp":"2025-06-19T20:22:04.467Z"}
{"level":"info","message":"Registration endpoint hit...","service":"identity-service","timestamp":"2025-06-19T20:22:04.475Z"}
{"level":"warn","message":"User already exists","service":"identity-service","timestamp":"2025-06-19T20:22:04.510Z"}
{"level":"info","message":"Received POST request to /api/auth/register","service":"identity-service","timestamp":"2025-06-19T20:22:07.817Z"}
{"level":"info","message":"Request body, [object Object]","service":"identity-service","timestamp":"2025-06-19T20:22:07.818Z"}
{"level":"info","message":"Registration endpoint hit...","service":"identity-service","timestamp":"2025-06-19T20:22:07.820Z"}
{"level":"warn","message":"User already exists","service":"identity-service","timestamp":"2025-06-19T20:22:07.835Z"}
{"level":"info","message":"Received POST request to /api/auth/register","service":"identity-service","timestamp":"2025-06-19T20:22:10.880Z"}
{"level":"info","message":"Request body, [object Object]","service":"identity-service","timestamp":"2025-06-19T20:22:10.881Z"}
{"level":"info","message":"Registration endpoint hit...","service":"identity-service","timestamp":"2025-06-19T20:22:10.883Z"}
{"buffer":{"data":[104,84,113,114,228,128,97,128,166,139,130,209],"type":"Buffer"},"level":"warn","message":"User saved successfully","service":"identity-service","timestamp":"2025-06-19T20:22:11.055Z"}
{"level":"info","message":"Received POST request to /api/auth/login","service":"identity-service","timestamp":"2025-06-19T20:22:16.448Z"}
{"level":"info","message":"Request body, [object Object]","service":"identity-service","timestamp":"2025-06-19T20:22:16.449Z"}
{"level":"info","message":"Login endpoint hit...","service":"identity-service","timestamp":"2025-06-19T20:22:16.450Z"}
{"level":"info","message":"Received POST request to /api/auth/register","service":"identity-service","timestamp":"2025-06-19T20:23:26.449Z"}
{"level":"info","message":"Request body, [object Object]","service":"identity-service","timestamp":"2025-06-19T20:23:26.449Z"}
{"level":"info","message":"Registration endpoint hit...","service":"identity-service","timestamp":"2025-06-19T20:23:26.451Z"}
{"0":"\"","1":"p","10":" ","11":"l","12":"e","13":"n","14":"g","15":"t","16":"h","17":" ","18":"m","19":"u","2":"a","20":"s","21":"t","22":" ","23":"b","24":"e","25":" ","26":"a","27":"t","28":" ","29":"l","3":"s","30":"e","31":"a","32":"s","33":"t","34":" ","35":"6","36":" ","37":"c","38":"h","39":"a","4":"s","40":"r","41":"a","42":"c","43":"t","44":"e","45":"r","46":"s","47":" ","48":"l","49":"o","5":"w","50":"n","51":"g","6":"o","7":"r","8":"d","9":"\"","level":"warn","message":"Validation error","service":"identity-service","timestamp":"2025-06-19T20:23:26.454Z"}
{"level":"info","message":"Received POST request to /api/auth/register","service":"identity-service","timestamp":"2025-06-19T20:23:32.374Z"}
{"level":"info","message":"Request body, [object Object]","service":"identity-service","timestamp":"2025-06-19T20:23:32.375Z"}
{"level":"info","message":"Registration endpoint hit...","service":"identity-service","timestamp":"2025-06-19T20:23:32.378Z"}
{"0":"\"","1":"e","10":"s","11":"t","12":" ","13":"b","14":"e","15":" ","16":"a","17":" ","18":"v","19":"a","2":"m","20":"l","21":"i","22":"d","23":" ","24":"e","25":"m","26":"a","27":"i","28":"l","3":"a","4":"i","5":"l","6":"\"","7":" ","8":"m","9":"u","level":"warn","message":"Validation error","service":"identity-service","timestamp":"2025-06-19T20:23:32.379Z"}
{"level":"info","message":"Received POST request to /api/auth/login","service":"identity-service","timestamp":"2025-06-19T20:23:38.589Z"}
{"level":"info","message":"Request body, [object Object]","service":"identity-service","timestamp":"2025-06-19T20:23:38.589Z"}
{"level":"info","message":"Login endpoint hit...","service":"identity-service","timestamp":"2025-06-19T20:23:38.591Z"}
{"0":"\"","1":"e","10":"s","11":"t","12":" ","13":"b","14":"e","15":" ","16":"a","17":" ","18":"v","19":"a","2":"m","20":"l","21":"i","22":"d","23":" ","24":"e","25":"m","26":"a","27":"i","28":"l","3":"a","4":"i","5":"l","6":"\"","7":" ","8":"m","9":"u","level":"warn","message":"Validation error","service":"identity-service","timestamp":"2025-06-19T20:23:38.593Z"}
{"level":"info","message":"Received POST request to /api/auth/login","service":"identity-service","timestamp":"2025-06-19T20:23:45.984Z"}
{"level":"info","message":"Request body, [object Object]","service":"identity-service","timestamp":"2025-06-19T20:23:45.984Z"}
{"level":"info","message":"Login endpoint hit...","service":"identity-service","timestamp":"2025-06-19T20:23:45.985Z"}
{"0":"\"","1":"p","10":" ","11":"l","12":"e","13":"n","14":"g","15":"t","16":"h","17":" ","18":"m","19":"u","2":"a","20":"s","21":"t","22":" ","23":"b","24":"e","25":" ","26":"a","27":"t","28":" ","29":"l","3":"s","30":"e","31":"a","32":"s","33":"t","34":" ","35":"6","36":" ","37":"c","38":"h","39":"a","4":"s","40":"r","41":"a","42":"c","43":"t","44":"e","45":"r","46":"s","47":" ","48":"l","49":"o","5":"w","50":"n","51":"g","6":"o","7":"r","8":"d","9":"\"","level":"warn","message":"Validation error","service":"identity-service","timestamp":"2025-06-19T20:23:45.986Z"}
{"level":"info","message":"Received POST request to /api/auth/login","service":"identity-service","timestamp":"2025-06-19T20:24:21.810Z"}
{"level":"info","message":"Request body, [object Object]","service":"identity-service","timestamp":"2025-06-19T20:24:21.811Z"}
{"level":"info","message":"Login endpoint hit...","service":"identity-service","timestamp":"2025-06-19T20:24:21.812Z"}
{"level":"info","message":"Received POST request to /api/auth/refresh-token","service":"identity-service","timestamp":"2025-06-19T20:25:19.145Z"}
{"level":"info","message":"Request body, [object Object]","service":"identity-service","timestamp":"2025-06-19T20:25:19.146Z"}
{"level":"info","message":"Refresh token endpoint hit...","service":"identity-service","timestamp":"2025-06-19T20:25:19.148Z"}
{"level":"info","message":"Received POST request to /api/auth/logout","service":"identity-service","timestamp":"2025-06-19T20:26:01.147Z"}
{"level":"info","message":"Request body, [object Object]","service":"identity-service","timestamp":"2025-06-19T20:26:01.148Z"}
{"level":"info","message":"Logout endpoint hit...","service":"identity-service","timestamp":"2025-06-19T20:26:01.149Z"}
{"level":"info","message":"Refresh token deleted for logout","service":"identity-service","timestamp":"2025-06-19T20:26:01.167Z"}
